<?xml version="1.0" encoding="UTF-8"?>
<!-- Generated by org.testng.reporters.JUnitReportReporter -->
<testsuite hostname="Shilpa-Ranjan" name="testNG.Email" tests="1" failures="0" timestamp="17 Nov 2014 08:59:24 GMT" time="84.565" errors="0">
  <testcase name="f" time="84.565" classname="testNG.Email"/>
</testsuite> <!-- testNG.Email -->
