<?xml version="1.0" encoding="UTF-8"?>
<!-- Generated by org.testng.reporters.JUnitReportReporter -->
<testsuite hostname="Shilpa-Ranjan" name="testNG.FirstNameRequiredTest" tests="1" failures="0" timestamp="18 Nov 2014 09:38:38 GMT" time="69.357" errors="0">
  <testcase name="f" time="69.357" classname="testNG.FirstNameRequiredTest"/>
</testsuite> <!-- testNG.FirstNameRequiredTest -->
